# JRE version: OpenJDK Runtime Environment Temurin-21.0.8+9 (21.0.8+9) (build 21.0.8+9-LTS)
# Java VM: OpenJDK 64-Bit Server VM Temurin-21.0.8+9 (21.0.8+9-LTS, mixed mode, sharing, tiered, compressed oops, compressed class ptrs, parallel gc, windows-amd64)
GC Precious Log:
 CardTable entry size: 512
 CPUs: 16 total, 16 available
 Memory: 15710M
 Large Page Support: Disabled
 NUMA Support: Disabled
 Compressed Oops: Enabled (32-bit)
 Alignments: Space 512K, Generation 512K, Heap 2M
 Heap Min Capacity: 100M
 Heap Initial Capacity: 100M
 Heap Max Capacity: 2G
 Pre-touch: Disabled
 Parallel Workers: 13
Heap:
 PSYoungGen      total 22528K, used 2943K [0x00000000d5580000, 0x00000000d6e00000, 0x0000000100000000)
  eden space 22016K, 11% used [0x00000000d5580000,0x00000000d57e0248,0x00000000d6b00000)
  from space 512K, 99% used [0x00000000d6d80000,0x00000000d6dffa50,0x00000000d6e00000)
  to   space 1024K, 0% used [0x00000000d6c80000,0x00000000d6c80000,0x00000000d6d80000)
 ParOldGen       total 68608K, used 48995K [0x0000000080000000, 0x0000000084300000, 0x00000000d5580000)
  object space 68608K, 71% used [0x0000000080000000,0x0000000082fd8c10,0x0000000084300000)
 Metaspace       used 49667K, committed 50944K, reserved 1114112K
  class space    used 5339K, committed 5888K, reserved 1048576K
GC Heap History (20 events):
Event: 6.570 GC heap before
{Heap before GC invocations=18 (full 2):
 PSYoungGen      total 25088K, used 25073K [0x00000000d5580000, 0x00000000d7f00000, 0x0000000100000000)
  eden space 22016K, 100% used [0x00000000d5580000,0x00000000d6b00000,0x00000000d6b00000)
  from space 3072K, 99% used [0x00000000d6b00000,0x00000000d6dfc6d0,0x00000000d6e00000)
  to   space 10240K, 0% used [0x00000000d7500000,0x00000000d7500000,0x00000000d7f00000)
 ParOldGen       total 68608K, used 25299K [0x0000000080000000, 0x0000000084300000, 0x00000000d5580000)
  object space 68608K, 36% used [0x0000000080000000,0x00000000818b4e40,0x0000000084300000)
 Metaspace       used 38539K, committed 39744K, reserved 1114112K
  class space    used 4020K, committed 4544K, reserved 1048576K
}
Event: 6.574 GC heap after
{Heap after GC invocations=18 (full 2):
 PSYoungGen      total 26624K, used 4449K [0x00000000d5580000, 0x00000000d7980000, 0x0000000100000000)
  eden space 22016K, 0% used [0x00000000d5580000,0x00000000d5580000,0x00000000d6b00000)
  from space 4608K, 96% used [0x00000000d7500000,0x00000000d7958420,0x00000000d7980000)
  to   space 6144K, 0% used [0x00000000d6d80000,0x00000000d6d80000,0x00000000d7380000)
 ParOldGen       total 68608K, used 28373K [0x0000000080000000, 0x0000000084300000, 0x00000000d5580000)
  object space 68608K, 41% used [0x0000000080000000,0x0000000081bb56a8,0x0000000084300000)
 Metaspace       used 38539K, committed 39744K, reserved 1114112K
  class space    used 4020K, committed 4544K, reserved 1048576K
}
Event: 6.706 GC heap before
{Heap before GC invocations=19 (full 2):
 PSYoungGen      total 26624K, used 26465K [0x00000000d5580000, 0x00000000d7980000, 0x0000000100000000)
  eden space 22016K, 100% used [0x00000000d5580000,0x00000000d6b00000,0x00000000d6b00000)
  from space 4608K, 96% used [0x00000000d7500000,0x00000000d7958420,0x00000000d7980000)
  to   space 6144K, 0% used [0x00000000d6d80000,0x00000000d6d80000,0x00000000d7380000)
 ParOldGen       total 68608K, used 28373K [0x0000000080000000, 0x0000000084300000, 0x00000000d5580000)
  object space 68608K, 41% used [0x0000000080000000,0x0000000081bb56a8,0x0000000084300000)
 Metaspace       used 39056K, committed 40256K, reserved 1114112K
  class space    used 4099K, committed 4672K, reserved 1048576K
}
Event: 6.710 GC heap after
{Heap after GC invocations=19 (full 2):
 PSYoungGen      total 24576K, used 2221K [0x00000000d5580000, 0x00000000d7580000, 0x0000000100000000)
  eden space 22016K, 0% used [0x00000000d5580000,0x00000000d5580000,0x00000000d6b00000)
  from space 2560K, 86% used [0x00000000d6d80000,0x00000000d6fab630,0x00000000d7000000)
  to   space 3584K, 0% used [0x00000000d7200000,0x00000000d7200000,0x00000000d7580000)
 ParOldGen       total 68608K, used 32462K [0x0000000080000000, 0x0000000084300000, 0x00000000d5580000)
  object space 68608K, 47% used [0x0000000080000000,0x0000000081fb3aa8,0x0000000084300000)
 Metaspace       used 39056K, committed 40256K, reserved 1114112K
  class space    used 4099K, committed 4672K, reserved 1048576K
}
Event: 6.783 GC heap before
{Heap before GC invocations=20 (full 2):
 PSYoungGen      total 24576K, used 24237K [0x00000000d5580000, 0x00000000d7580000, 0x0000000100000000)
  eden space 22016K, 100% used [0x00000000d5580000,0x00000000d6b00000,0x00000000d6b00000)
  from space 2560K, 86% used [0x00000000d6d80000,0x00000000d6fab630,0x00000000d7000000)
  to   space 3584K, 0% used [0x00000000d7200000,0x00000000d7200000,0x00000000d7580000)
 ParOldGen       total 68608K, used 32462K [0x0000000080000000, 0x0000000084300000, 0x00000000d5580000)
  object space 68608K, 47% used [0x0000000080000000,0x0000000081fb3aa8,0x0000000084300000)
 Metaspace       used 39403K, committed 40576K, reserved 1114112K
  class space    used 4142K, committed 4672K, reserved 1048576K
}
Event: 6.787 GC heap after
{Heap after GC invocations=20 (full 2):
 PSYoungGen      total 24576K, used 2338K [0x00000000d5580000, 0x00000000d7480000, 0x0000000100000000)
  eden space 22016K, 0% used [0x00000000d5580000,0x00000000d5580000,0x00000000d6b00000)
  from space 2560K, 91% used [0x00000000d7200000,0x00000000d7448800,0x00000000d7480000)
  to   space 2560K, 0% used [0x00000000d6d80000,0x00000000d6d80000,0x00000000d7000000)
 ParOldGen       total 68608K, used 34329K [0x0000000080000000, 0x0000000084300000, 0x00000000d5580000)
  object space 68608K, 50% used [0x0000000080000000,0x00000000821867b0,0x0000000084300000)
 Metaspace       used 39403K, committed 40576K, reserved 1114112K
  class space    used 4142K, committed 4672K, reserved 1048576K
}
Event: 6.863 GC heap before
{Heap before GC invocations=21 (full 2):
 PSYoungGen      total 24576K, used 24354K [0x00000000d5580000, 0x00000000d7480000, 0x0000000100000000)
  eden space 22016K, 100% used [0x00000000d5580000,0x00000000d6b00000,0x00000000d6b00000)
  from space 2560K, 91% used [0x00000000d7200000,0x00000000d7448800,0x00000000d7480000)
  to   space 2560K, 0% used [0x00000000d6d80000,0x00000000d6d80000,0x00000000d7000000)
 ParOldGen       total 68608K, used 34329K [0x0000000080000000, 0x0000000084300000, 0x00000000d5580000)
  object space 68608K, 50% used [0x0000000080000000,0x00000000821867b0,0x0000000084300000)
 Metaspace       used 39776K, committed 41024K, reserved 1114112K
  class space    used 4177K, committed 4736K, reserved 1048576K
}
Event: 6.867 GC heap after
{Heap after GC invocations=21 (full 2):
 PSYoungGen      total 24576K, used 2404K [0x00000000d5580000, 0x00000000d7280000, 0x0000000100000000)
  eden space 22016K, 0% used [0x00000000d5580000,0x00000000d5580000,0x00000000d6b00000)
  from space 2560K, 93% used [0x00000000d6d80000,0x00000000d6fd9000,0x00000000d7000000)
  to   space 2560K, 0% used [0x00000000d7000000,0x00000000d7000000,0x00000000d7280000)
 ParOldGen       total 68608K, used 36312K [0x0000000080000000, 0x0000000084300000, 0x00000000d5580000)
  object space 68608K, 52% used [0x0000000080000000,0x0000000082376170,0x0000000084300000)
 Metaspace       used 39776K, committed 41024K, reserved 1114112K
  class space    used 4177K, committed 4736K, reserved 1048576K
}
Event: 6.960 GC heap before
{Heap before GC invocations=22 (full 2):
 PSYoungGen      total 24576K, used 24420K [0x00000000d5580000, 0x00000000d7280000, 0x0000000100000000)
  eden space 22016K, 100% used [0x00000000d5580000,0x00000000d6b00000,0x00000000d6b00000)
  from space 2560K, 93% used [0x00000000d6d80000,0x00000000d6fd9000,0x00000000d7000000)
  to   space 2560K, 0% used [0x00000000d7000000,0x00000000d7000000,0x00000000d7280000)
 ParOldGen       total 68608K, used 36312K [0x0000000080000000, 0x0000000084300000, 0x00000000d5580000)
  object space 68608K, 52% used [0x0000000080000000,0x0000000082376170,0x0000000084300000)
 Metaspace       used 40053K, committed 41280K, reserved 1114112K
  class space    used 4203K, committed 4736K, reserved 1048576K
}
Event: 6.964 GC heap after
{Heap after GC invocations=22 (full 2):
 PSYoungGen      total 24576K, used 2528K [0x00000000d5580000, 0x00000000d7500000, 0x0000000100000000)
  eden space 22016K, 0% used [0x00000000d5580000,0x00000000d5580000,0x00000000d6b00000)
  from space 2560K, 98% used [0x00000000d7000000,0x00000000d7278010,0x00000000d7280000)
  to   space 5120K, 0% used [0x00000000d6b00000,0x00000000d6b00000,0x00000000d7000000)
 ParOldGen       total 68608K, used 38500K [0x0000000080000000, 0x0000000084300000, 0x00000000d5580000)
  object space 68608K, 56% used [0x0000000080000000,0x0000000082599040,0x0000000084300000)
 Metaspace       used 40053K, committed 41280K, reserved 1114112K
  class space    used 4203K, committed 4736K, reserved 1048576K
}
Event: 7.045 GC heap before
{Heap before GC invocations=23 (full 2):
 PSYoungGen      total 24576K, used 24544K [0x00000000d5580000, 0x00000000d7500000, 0x0000000100000000)
  eden space 22016K, 100% used [0x00000000d5580000,0x00000000d6b00000,0x00000000d6b00000)
  from space 2560K, 98% used [0x00000000d7000000,0x00000000d7278010,0x00000000d7280000)
  to   space 5120K, 0% used [0x00000000d6b00000,0x00000000d6b00000,0x00000000d7000000)
 ParOldGen       total 68608K, used 38500K [0x0000000080000000, 0x0000000084300000, 0x00000000d5580000)
  object space 68608K, 56% used [0x0000000080000000,0x0000000082599040,0x0000000084300000)
 Metaspace       used 40265K, committed 41472K, reserved 1114112K
  class space    used 4230K, committed 4736K, reserved 1048576K
}
Event: 7.049 GC heap after
{Heap after GC invocations=23 (full 2):
 PSYoungGen      total 24576K, used 2176K [0x00000000d5580000, 0x00000000d7200000, 0x0000000100000000)
  eden space 22016K, 0% used [0x00000000d5580000,0x00000000d5580000,0x00000000d6b00000)
  from space 2560K, 85% used [0x00000000d6b00000,0x00000000d6d20000,0x00000000d6d80000)
  to   space 3584K, 0% used [0x00000000d6e80000,0x00000000d6e80000,0x00000000d7200000)
 ParOldGen       total 68608K, used 40868K [0x0000000080000000, 0x0000000084300000, 0x00000000d5580000)
  object space 68608K, 59% used [0x0000000080000000,0x00000000827e9050,0x0000000084300000)
 Metaspace       used 40265K, committed 41472K, reserved 1114112K
  class space    used 4230K, committed 4736K, reserved 1048576K
}
Event: 7.377 GC heap before
{Heap before GC invocations=24 (full 2):
 PSYoungGen      total 24576K, used 24184K [0x00000000d5580000, 0x00000000d7200000, 0x0000000100000000)
  eden space 22016K, 99% used [0x00000000d5580000,0x00000000d6afe278,0x00000000d6b00000)
  from space 2560K, 85% used [0x00000000d6b00000,0x00000000d6d20000,0x00000000d6d80000)
  to   space 3584K, 0% used [0x00000000d6e80000,0x00000000d6e80000,0x00000000d7200000)
 ParOldGen       total 68608K, used 40868K [0x0000000080000000, 0x0000000084300000, 0x00000000d5580000)
  object space 68608K, 59% used [0x0000000080000000,0x00000000827e9050,0x0000000084300000)
 Metaspace       used 42678K, committed 43904K, reserved 1114112K
  class space    used 4470K, committed 4992K, reserved 1048576K
}
Event: 7.382 GC heap after
{Heap after GC invocations=24 (full 2):
 PSYoungGen      total 23552K, used 1529K [0x00000000d5580000, 0x00000000d7000000, 0x0000000100000000)
  eden space 22016K, 0% used [0x00000000d5580000,0x00000000d5580000,0x00000000d6b00000)
  from space 1536K, 99% used [0x00000000d6e80000,0x00000000d6ffe488,0x00000000d7000000)
  to   space 2048K, 0% used [0x00000000d6c00000,0x00000000d6c00000,0x00000000d6e00000)
 ParOldGen       total 68608K, used 42796K [0x0000000080000000, 0x0000000084300000, 0x00000000d5580000)
  object space 68608K, 62% used [0x0000000080000000,0x00000000829cb250,0x0000000084300000)
 Metaspace       used 42678K, committed 43904K, reserved 1114112K
  class space    used 4470K, committed 4992K, reserved 1048576K
}
Event: 7.854 GC heap before
{Heap before GC invocations=25 (full 2):
 PSYoungGen      total 23552K, used 23545K [0x00000000d5580000, 0x00000000d7000000, 0x0000000100000000)
  eden space 22016K, 100% used [0x00000000d5580000,0x00000000d6b00000,0x00000000d6b00000)
  from space 1536K, 99% used [0x00000000d6e80000,0x00000000d6ffe488,0x00000000d7000000)
  to   space 2048K, 0% used [0x00000000d6c00000,0x00000000d6c00000,0x00000000d6e00000)
 ParOldGen       total 68608K, used 42796K [0x0000000080000000, 0x0000000084300000, 0x00000000d5580000)
  object space 68608K, 62% used [0x0000000080000000,0x00000000829cb250,0x0000000084300000)
 Metaspace       used 45040K, committed 46272K, reserved 1114112K
  class space    used 4772K, committed 5312K, reserved 1048576K
}
Event: 7.858 GC heap after
{Heap after GC invocations=25 (full 2):
 PSYoungGen      total 23552K, used 1216K [0x00000000d5580000, 0x00000000d6f00000, 0x0000000100000000)
  eden space 22016K, 0% used [0x00000000d5580000,0x00000000d5580000,0x00000000d6b00000)
  from space 1536K, 79% used [0x00000000d6c00000,0x00000000d6d303e0,0x00000000d6d80000)
  to   space 1536K, 0% used [0x00000000d6d80000,0x00000000d6d80000,0x00000000d6f00000)
 ParOldGen       total 68608K, used 43975K [0x0000000080000000, 0x0000000084300000, 0x00000000d5580000)
  object space 68608K, 64% used [0x0000000080000000,0x0000000082af1f40,0x0000000084300000)
 Metaspace       used 45040K, committed 46272K, reserved 1114112K
  class space    used 4772K, committed 5312K, reserved 1048576K
}
Event: 8.271 GC heap before
{Heap before GC invocations=26 (full 2):
 PSYoungGen      total 23552K, used 23232K [0x00000000d5580000, 0x00000000d6f00000, 0x0000000100000000)
  eden space 22016K, 100% used [0x00000000d5580000,0x00000000d6b00000,0x00000000d6b00000)
  from space 1536K, 79% used [0x00000000d6c00000,0x00000000d6d303e0,0x00000000d6d80000)
  to   space 1536K, 0% used [0x00000000d6d80000,0x00000000d6d80000,0x00000000d6f00000)
 ParOldGen       total 68608K, used 43975K [0x0000000080000000, 0x0000000084300000, 0x00000000d5580000)
  object space 68608K, 64% used [0x0000000080000000,0x0000000082af1f40,0x0000000084300000)
 Metaspace       used 46375K, committed 47552K, reserved 1114112K
  class space    used 4968K, committed 5504K, reserved 1048576K
}
Event: 8.273 GC heap after
{Heap after GC invocations=26 (full 2):
 PSYoungGen      total 23040K, used 736K [0x00000000d5580000, 0x00000000d6e80000, 0x0000000100000000)
  eden space 22016K, 0% used [0x00000000d5580000,0x00000000d5580000,0x00000000d6b00000)
  from space 1024K, 71% used [0x00000000d6d80000,0x00000000d6e38000,0x00000000d6e80000)
  to   space 1024K, 0% used [0x00000000d6c80000,0x00000000d6c80000,0x00000000d6d80000)
 ParOldGen       total 68608K, used 44983K [0x0000000080000000, 0x0000000084300000, 0x00000000d5580000)
  object space 68608K, 65% used [0x0000000080000000,0x0000000082bedf28,0x0000000084300000)
 Metaspace       used 46375K, committed 47552K, reserved 1114112K
  class space    used 4968K, committed 5504K, reserved 1048576K
}
Event: 8.865 GC heap before
{Heap before GC invocations=27 (full 2):
 PSYoungGen      total 23040K, used 22752K [0x00000000d5580000, 0x00000000d6e80000, 0x0000000100000000)
  eden space 22016K, 100% used [0x00000000d5580000,0x00000000d6b00000,0x00000000d6b00000)
  from space 1024K, 71% used [0x00000000d6d80000,0x00000000d6e38000,0x00000000d6e80000)
  to   space 1024K, 0% used [0x00000000d6c80000,0x00000000d6c80000,0x00000000d6d80000)
 ParOldGen       total 68608K, used 44983K [0x0000000080000000, 0x0000000084300000, 0x00000000d5580000)
  object space 68608K, 65% used [0x0000000080000000,0x0000000082bedf28,0x0000000084300000)
 Metaspace       used 48183K, committed 49408K, reserved 1114112K
  class space    used 5174K, committed 5696K, reserved 1048576K
}
Event: 8.868 GC heap after
{Heap after GC invocations=27 (full 2):
 PSYoungGen      total 23040K, used 832K [0x00000000d5580000, 0x00000000d6e00000, 0x0000000100000000)
  eden space 22016K, 0% used [0x00000000d5580000,0x00000000d5580000,0x00000000d6b00000)
  from space 1024K, 81% used [0x00000000d6c80000,0x00000000d6d50000,0x00000000d6d80000)
  to   space 512K, 0% used [0x00000000d6d80000,0x00000000d6d80000,0x00000000d6e00000)
 ParOldGen       total 68608K, used 45479K [0x0000000080000000, 0x0000000084300000, 0x00000000d5580000)
  object space 68608K, 66% used [0x0000000080000000,0x0000000082c69f28,0x0000000084300000)
 Metaspace       used 48183K, committed 49408K, reserved 1114112K
  class space    used 5174K, committed 5696K, reserved 1048576K
}

