# JRE version: OpenJDK Runtime Environment Temurin-21.0.8+9 (21.0.8+9) (build 21.0.8+9-LTS)
# Java VM: OpenJDK 64-Bit Server VM Temurin-21.0.8+9 (21.0.8+9-LTS, mixed mode, sharing, tiered, compressed oops, compressed class ptrs, parallel gc, windows-amd64)
GC Precious Log:
 CardTable entry size: 512
 CPUs: 16 total, 16 available
 Memory: 15710M
 Large Page Support: Disabled
 NUMA Support: Disabled
 Compressed Oops: Enabled (32-bit)
 Alignments: Space 512K, Generation 512K, Heap 2M
 Heap Min Capacity: 100M
 Heap Initial Capacity: 100M
 Heap Max Capacity: 2G
 Pre-touch: Disabled
 Parallel Workers: 13
Heap:
 PSYoungGen      total 21504K, used 3323K [0x00000000d5580000, 0x00000000d6f80000, 0x0000000100000000)
  eden space 19456K, 6% used [0x00000000d5580000,0x00000000d56c0590,0x00000000d6880000)
  from space 2048K, 99% used [0x00000000d6a80000,0x00000000d6c7e8e8,0x00000000d6c80000)
  to   space 3072K, 0% used [0x00000000d6c80000,0x00000000d6c80000,0x00000000d6f80000)
 ParOldGen       total 68608K, used 67801K [0x0000000080000000, 0x0000000084300000, 0x00000000d5580000)
  object space 68608K, 98% used [0x0000000080000000,0x00000000842367f0,0x0000000084300000)
 Metaspace       used 70996K, committed 72576K, reserved 1114112K
  class space    used 7468K, committed 8064K, reserved 1048576K
GC Heap History (20 events):
Event: 31.734 GC heap before
{Heap before GC invocations=57 (full 3):
 PSYoungGen      total 20480K, used 20352K [0x00000000d5580000, 0x00000000d6b80000, 0x0000000100000000)
  eden space 19456K, 100% used [0x00000000d5580000,0x00000000d6880000,0x00000000d6880000)
  from space 1024K, 87% used [0x00000000d6900000,0x00000000d69e0000,0x00000000d6a00000)
  to   space 1536K, 0% used [0x00000000d6a00000,0x00000000d6a00000,0x00000000d6b80000)
 ParOldGen       total 68608K, used 52955K [0x0000000080000000, 0x0000000084300000, 0x00000000d5580000)
  object space 68608K, 77% used [0x0000000080000000,0x00000000833b6f58,0x0000000084300000)
 Metaspace       used 64902K, committed 66304K, reserved 1114112K
  class space    used 6966K, committed 7552K, reserved 1048576K
}
Event: 31.735 GC heap after
{Heap after GC invocations=57 (full 3):
 PSYoungGen      total 20992K, used 1216K [0x00000000d5580000, 0x00000000d6b80000, 0x0000000100000000)
  eden space 19456K, 0% used [0x00000000d5580000,0x00000000d5580000,0x00000000d6880000)
  from space 1536K, 79% used [0x00000000d6a00000,0x00000000d6b30000,0x00000000d6b80000)
  to   space 1536K, 0% used [0x00000000d6880000,0x00000000d6880000,0x00000000d6a00000)
 ParOldGen       total 68608K, used 53624K [0x0000000080000000, 0x0000000084300000, 0x00000000d5580000)
  object space 68608K, 78% used [0x0000000080000000,0x000000008345e108,0x0000000084300000)
 Metaspace       used 64902K, committed 66304K, reserved 1114112K
  class space    used 6966K, committed 7552K, reserved 1048576K
}
Event: 31.804 GC heap before
{Heap before GC invocations=58 (full 3):
 PSYoungGen      total 20992K, used 20672K [0x00000000d5580000, 0x00000000d6b80000, 0x0000000100000000)
  eden space 19456K, 100% used [0x00000000d5580000,0x00000000d6880000,0x00000000d6880000)
  from space 1536K, 79% used [0x00000000d6a00000,0x00000000d6b30000,0x00000000d6b80000)
  to   space 1536K, 0% used [0x00000000d6880000,0x00000000d6880000,0x00000000d6a00000)
 ParOldGen       total 68608K, used 53624K [0x0000000080000000, 0x0000000084300000, 0x00000000d5580000)
  object space 68608K, 78% used [0x0000000080000000,0x000000008345e108,0x0000000084300000)
 Metaspace       used 64929K, committed 66304K, reserved 1114112K
  class space    used 6967K, committed 7552K, reserved 1048576K
}
Event: 31.806 GC heap after
{Heap after GC invocations=58 (full 3):
 PSYoungGen      total 20992K, used 1536K [0x00000000d5580000, 0x00000000d6f80000, 0x0000000100000000)
  eden space 19456K, 0% used [0x00000000d5580000,0x00000000d5580000,0x00000000d6880000)
  from space 1536K, 100% used [0x00000000d6880000,0x00000000d6a00000,0x00000000d6a00000)
  to   space 3584K, 0% used [0x00000000d6c00000,0x00000000d6c00000,0x00000000d6f80000)
 ParOldGen       total 68608K, used 55315K [0x0000000080000000, 0x0000000084300000, 0x00000000d5580000)
  object space 68608K, 80% used [0x0000000080000000,0x0000000083604c18,0x0000000084300000)
 Metaspace       used 64929K, committed 66304K, reserved 1114112K
  class space    used 6967K, committed 7552K, reserved 1048576K
}
Event: 31.871 GC heap before
{Heap before GC invocations=59 (full 3):
 PSYoungGen      total 20992K, used 20992K [0x00000000d5580000, 0x00000000d6f80000, 0x0000000100000000)
  eden space 19456K, 100% used [0x00000000d5580000,0x00000000d6880000,0x00000000d6880000)
  from space 1536K, 100% used [0x00000000d6880000,0x00000000d6a00000,0x00000000d6a00000)
  to   space 3584K, 0% used [0x00000000d6c00000,0x00000000d6c00000,0x00000000d6f80000)
 ParOldGen       total 68608K, used 55315K [0x0000000080000000, 0x0000000084300000, 0x00000000d5580000)
  object space 68608K, 80% used [0x0000000080000000,0x0000000083604c18,0x0000000084300000)
 Metaspace       used 64983K, committed 66368K, reserved 1114112K
  class space    used 6967K, committed 7552K, reserved 1048576K
}
Event: 31.872 GC heap after
{Heap after GC invocations=59 (full 3):
 PSYoungGen      total 20992K, used 1264K [0x00000000d5580000, 0x00000000d6d80000, 0x0000000100000000)
  eden space 19456K, 0% used [0x00000000d5580000,0x00000000d5580000,0x00000000d6880000)
  from space 1536K, 82% used [0x00000000d6c00000,0x00000000d6d3c010,0x00000000d6d80000)
  to   space 2048K, 0% used [0x00000000d6980000,0x00000000d6980000,0x00000000d6b80000)
 ParOldGen       total 68608K, used 56566K [0x0000000080000000, 0x0000000084300000, 0x00000000d5580000)
  object space 68608K, 82% used [0x0000000080000000,0x000000008373d938,0x0000000084300000)
 Metaspace       used 64983K, committed 66368K, reserved 1114112K
  class space    used 6967K, committed 7552K, reserved 1048576K
}
Event: 32.086 GC heap before
{Heap before GC invocations=60 (full 3):
 PSYoungGen      total 20992K, used 20720K [0x00000000d5580000, 0x00000000d6d80000, 0x0000000100000000)
  eden space 19456K, 99% used [0x00000000d5580000,0x00000000d687fff0,0x00000000d6880000)
  from space 1536K, 82% used [0x00000000d6c00000,0x00000000d6d3c010,0x00000000d6d80000)
  to   space 2048K, 0% used [0x00000000d6980000,0x00000000d6980000,0x00000000d6b80000)
 ParOldGen       total 68608K, used 56566K [0x0000000080000000, 0x0000000084300000, 0x00000000d5580000)
  object space 68608K, 82% used [0x0000000080000000,0x000000008373d938,0x0000000084300000)
 Metaspace       used 65086K, committed 66432K, reserved 1114112K
  class space    used 6978K, committed 7552K, reserved 1048576K
}
Event: 32.087 GC heap after
{Heap after GC invocations=60 (full 3):
 PSYoungGen      total 20992K, used 1408K [0x00000000d5580000, 0x00000000d6c80000, 0x0000000100000000)
  eden space 19456K, 0% used [0x00000000d5580000,0x00000000d5580000,0x00000000d6880000)
  from space 1536K, 91% used [0x00000000d6980000,0x00000000d6ae0020,0x00000000d6b00000)
  to   space 1536K, 0% used [0x00000000d6b00000,0x00000000d6b00000,0x00000000d6c80000)
 ParOldGen       total 68608K, used 57413K [0x0000000080000000, 0x0000000084300000, 0x00000000d5580000)
  object space 68608K, 83% used [0x0000000080000000,0x0000000083811638,0x0000000084300000)
 Metaspace       used 65086K, committed 66432K, reserved 1114112K
  class space    used 6978K, committed 7552K, reserved 1048576K
}
Event: 32.492 GC heap before
{Heap before GC invocations=61 (full 3):
 PSYoungGen      total 20992K, used 20858K [0x00000000d5580000, 0x00000000d6c80000, 0x0000000100000000)
  eden space 19456K, 99% used [0x00000000d5580000,0x00000000d687e910,0x00000000d6880000)
  from space 1536K, 91% used [0x00000000d6980000,0x00000000d6ae0020,0x00000000d6b00000)
  to   space 1536K, 0% used [0x00000000d6b00000,0x00000000d6b00000,0x00000000d6c80000)
 ParOldGen       total 68608K, used 57413K [0x0000000080000000, 0x0000000084300000, 0x00000000d5580000)
  object space 68608K, 83% used [0x0000000080000000,0x0000000083811638,0x0000000084300000)
 Metaspace       used 65473K, committed 66880K, reserved 1114112K
  class space    used 7020K, committed 7616K, reserved 1048576K
}
Event: 32.493 GC heap after
{Heap after GC invocations=61 (full 3):
 PSYoungGen      total 20992K, used 1120K [0x00000000d5580000, 0x00000000d6c80000, 0x0000000100000000)
  eden space 19456K, 0% used [0x00000000d5580000,0x00000000d5580000,0x00000000d6880000)
  from space 1536K, 72% used [0x00000000d6b00000,0x00000000d6c18020,0x00000000d6c80000)
  to   space 1536K, 0% used [0x00000000d6980000,0x00000000d6980000,0x00000000d6b00000)
 ParOldGen       total 68608K, used 58453K [0x0000000080000000, 0x0000000084300000, 0x00000000d5580000)
  object space 68608K, 85% used [0x0000000080000000,0x0000000083915638,0x0000000084300000)
 Metaspace       used 65473K, committed 66880K, reserved 1114112K
  class space    used 7020K, committed 7616K, reserved 1048576K
}
Event: 32.806 GC heap before
{Heap before GC invocations=62 (full 3):
 PSYoungGen      total 20992K, used 20576K [0x00000000d5580000, 0x00000000d6c80000, 0x0000000100000000)
  eden space 19456K, 100% used [0x00000000d5580000,0x00000000d6880000,0x00000000d6880000)
  from space 1536K, 72% used [0x00000000d6b00000,0x00000000d6c18020,0x00000000d6c80000)
  to   space 1536K, 0% used [0x00000000d6980000,0x00000000d6980000,0x00000000d6b00000)
 ParOldGen       total 68608K, used 58453K [0x0000000080000000, 0x0000000084300000, 0x00000000d5580000)
  object space 68608K, 85% used [0x0000000080000000,0x0000000083915638,0x0000000084300000)
 Metaspace       used 65820K, committed 67264K, reserved 1114112K
  class space    used 7059K, committed 7680K, reserved 1048576K
}
Event: 32.807 GC heap after
{Heap after GC invocations=62 (full 3):
 PSYoungGen      total 20480K, used 736K [0x00000000d5580000, 0x00000000d6b80000, 0x0000000100000000)
  eden space 19456K, 0% used [0x00000000d5580000,0x00000000d5580000,0x00000000d6880000)
  from space 1024K, 71% used [0x00000000d6980000,0x00000000d6a38000,0x00000000d6a80000)
  to   space 1024K, 0% used [0x00000000d6a80000,0x00000000d6a80000,0x00000000d6b80000)
 ParOldGen       total 68608K, used 58985K [0x0000000080000000, 0x0000000084300000, 0x00000000d5580000)
  object space 68608K, 85% used [0x0000000080000000,0x000000008399a668,0x0000000084300000)
 Metaspace       used 65820K, committed 67264K, reserved 1114112K
  class space    used 7059K, committed 7680K, reserved 1048576K
}
Event: 33.049 GC heap before
{Heap before GC invocations=63 (full 3):
 PSYoungGen      total 20480K, used 20192K [0x00000000d5580000, 0x00000000d6b80000, 0x0000000100000000)
  eden space 19456K, 100% used [0x00000000d5580000,0x00000000d6880000,0x00000000d6880000)
  from space 1024K, 71% used [0x00000000d6980000,0x00000000d6a38000,0x00000000d6a80000)
  to   space 1024K, 0% used [0x00000000d6a80000,0x00000000d6a80000,0x00000000d6b80000)
 ParOldGen       total 68608K, used 58985K [0x0000000080000000, 0x0000000084300000, 0x00000000d5580000)
  object space 68608K, 85% used [0x0000000080000000,0x000000008399a668,0x0000000084300000)
 Metaspace       used 67048K, committed 68608K, reserved 1114112K
  class space    used 7178K, committed 7808K, reserved 1048576K
}
Event: 33.050 GC heap after
{Heap after GC invocations=63 (full 3):
 PSYoungGen      total 20480K, used 928K [0x00000000d5580000, 0x00000000d6b80000, 0x0000000100000000)
  eden space 19456K, 0% used [0x00000000d5580000,0x00000000d5580000,0x00000000d6880000)
  from space 1024K, 90% used [0x00000000d6a80000,0x00000000d6b68000,0x00000000d6b80000)
  to   space 1024K, 0% used [0x00000000d6980000,0x00000000d6980000,0x00000000d6a80000)
 ParOldGen       total 68608K, used 59535K [0x0000000080000000, 0x0000000084300000, 0x00000000d5580000)
  object space 68608K, 86% used [0x0000000080000000,0x0000000083a23d90,0x0000000084300000)
 Metaspace       used 67048K, committed 68608K, reserved 1114112K
  class space    used 7178K, committed 7808K, reserved 1048576K
}
Event: 33.212 GC heap before
{Heap before GC invocations=64 (full 3):
 PSYoungGen      total 20480K, used 20384K [0x00000000d5580000, 0x00000000d6b80000, 0x0000000100000000)
  eden space 19456K, 100% used [0x00000000d5580000,0x00000000d6880000,0x00000000d6880000)
  from space 1024K, 90% used [0x00000000d6a80000,0x00000000d6b68000,0x00000000d6b80000)
  to   space 1024K, 0% used [0x00000000d6980000,0x00000000d6980000,0x00000000d6a80000)
 ParOldGen       total 68608K, used 59535K [0x0000000080000000, 0x0000000084300000, 0x00000000d5580000)
  object space 68608K, 86% used [0x0000000080000000,0x0000000083a23d90,0x0000000084300000)
 Metaspace       used 67823K, committed 69312K, reserved 1114112K
  class space    used 7260K, committed 7872K, reserved 1048576K
}
Event: 33.215 GC heap after
{Heap after GC invocations=64 (full 3):
 PSYoungGen      total 20480K, used 1014K [0x00000000d5580000, 0x00000000d7580000, 0x0000000100000000)
  eden space 19456K, 0% used [0x00000000d5580000,0x00000000d5580000,0x00000000d6880000)
  from space 1024K, 99% used [0x00000000d6980000,0x00000000d6a7da48,0x00000000d6a80000)
  to   space 6656K, 0% used [0x00000000d6f00000,0x00000000d6f00000,0x00000000d7580000)
 ParOldGen       total 68608K, used 64217K [0x0000000080000000, 0x0000000084300000, 0x00000000d5580000)
  object space 68608K, 93% used [0x0000000080000000,0x0000000083eb6458,0x0000000084300000)
 Metaspace       used 67823K, committed 69312K, reserved 1114112K
  class space    used 7260K, committed 7872K, reserved 1048576K
}
Event: 33.568 GC heap before
{Heap before GC invocations=65 (full 3):
 PSYoungGen      total 20480K, used 20470K [0x00000000d5580000, 0x00000000d7580000, 0x0000000100000000)
  eden space 19456K, 100% used [0x00000000d5580000,0x00000000d6880000,0x00000000d6880000)
  from space 1024K, 99% used [0x00000000d6980000,0x00000000d6a7da48,0x00000000d6a80000)
  to   space 6656K, 0% used [0x00000000d6f00000,0x00000000d6f00000,0x00000000d7580000)
 ParOldGen       total 68608K, used 64217K [0x0000000080000000, 0x0000000084300000, 0x00000000d5580000)
  object space 68608K, 93% used [0x0000000080000000,0x0000000083eb6458,0x0000000084300000)
 Metaspace       used 68998K, committed 70528K, reserved 1114112K
  class space    used 7374K, committed 8000K, reserved 1048576K
}
Event: 33.571 GC heap after
{Heap after GC invocations=65 (full 3):
 PSYoungGen      total 23040K, used 3128K [0x00000000d5580000, 0x00000000d7280000, 0x0000000100000000)
  eden space 19456K, 0% used [0x00000000d5580000,0x00000000d5580000,0x00000000d6880000)
  from space 3584K, 87% used [0x00000000d6f00000,0x00000000d720e0e0,0x00000000d7280000)
  to   space 4096K, 0% used [0x00000000d6a80000,0x00000000d6a80000,0x00000000d6e80000)
 ParOldGen       total 68608K, used 65117K [0x0000000080000000, 0x0000000084300000, 0x00000000d5580000)
  object space 68608K, 94% used [0x0000000080000000,0x0000000083f97690,0x0000000084300000)
 Metaspace       used 68998K, committed 70528K, reserved 1114112K
  class space    used 7374K, committed 8000K, reserved 1048576K
}
Event: 320.638 GC heap before
{Heap before GC invocations=66 (full 3):
 PSYoungGen      total 23040K, used 22584K [0x00000000d5580000, 0x00000000d7280000, 0x0000000100000000)
  eden space 19456K, 100% used [0x00000000d5580000,0x00000000d6880000,0x00000000d6880000)
  from space 3584K, 87% used [0x00000000d6f00000,0x00000000d720e0e0,0x00000000d7280000)
  to   space 4096K, 0% used [0x00000000d6a80000,0x00000000d6a80000,0x00000000d6e80000)
 ParOldGen       total 68608K, used 65117K [0x0000000080000000, 0x0000000084300000, 0x00000000d5580000)
  object space 68608K, 94% used [0x0000000080000000,0x0000000083f97690,0x0000000084300000)
 Metaspace       used 70891K, committed 72384K, reserved 1114112K
  class space    used 7464K, committed 8064K, reserved 1048576K
}
Event: 320.640 GC heap after
{Heap after GC invocations=66 (full 3):
 PSYoungGen      total 21504K, used 2042K [0x00000000d5580000, 0x00000000d6f80000, 0x0000000100000000)
  eden space 19456K, 0% used [0x00000000d5580000,0x00000000d5580000,0x00000000d6880000)
  from space 2048K, 99% used [0x00000000d6a80000,0x00000000d6c7e8e8,0x00000000d6c80000)
  to   space 3072K, 0% used [0x00000000d6c80000,0x00000000d6c80000,0x00000000d6f80000)
 ParOldGen       total 68608K, used 67801K [0x0000000080000000, 0x0000000084300000, 0x00000000d5580000)
  object space 68608K, 98% used [0x0000000080000000,0x00000000842367f0,0x0000000084300000)
 Metaspace       used 70891K, committed 72384K, reserved 1114112K
  class space    used 7464K, committed 8064K, reserved 1048576K
}

